This is pdfTeX, Version 3.1415926-2.5-1.40.14 (MiKTeX 2.9) (preloaded format=pdflatex 2014.12.12)  21 APR 2015 16:43
entering extended mode
**BillysPayback.tex
(C:\Users\Ulrike\EVALUIERUNG\Dokumentation\BillysPayback.tex
LaTeX2e <2011/06/27>
Babel <v3.8m> and hyphenation patterns for english, afrikaans, ancientgreek, ar
abic, armenian, assamese, basque, bengali, bokmal, bulgarian, catalan, coptic, 
croatian, czech, danish, dutch, esperanto, estonian, farsi, finnish, french, ga
lician, german, german-x-2013-05-26, greek, gujarati, hindi, hungarian, iceland
ic, indonesian, interlingua, irish, italian, kannada, kurmanji, latin, latvian,
 lithuanian, malayalam, marathi, mongolian, mongolianlmc, monogreek, ngerman, n
german-x-2013-05-26, nynorsk, oriya, panjabi, pinyin, polish, portuguese, roman
ian, russian, sanskrit, serbian, slovak, slovenian, spanish, swedish, swissgerm
an, tamil, telugu, turkish, turkmen, ukenglish, ukrainian, uppersorbian, usengl
ishmax, welsh, loaded.
("C:\Program Files (x86)\MiKTeX 2.9\tex\latex\koma-script\scrbook.cls"
Document Class: scrbook 2013/12/19 v3.12 KOMA-Script document class (book)
("C:\Program Files (x86)\MiKTeX 2.9\tex\latex\koma-script\scrkbase.sty"
Package: scrkbase 2013/12/19 v3.12 KOMA-Script package (KOMA-Script-dependent b
asics and keyval usage)

("C:\Program Files (x86)\MiKTeX 2.9\tex\latex\koma-script\scrbase.sty"
Package: scrbase 2013/12/19 v3.12 KOMA-Script package (KOMA-Script-independent 
basics and keyval usage)

("C:\Program Files (x86)\MiKTeX 2.9\tex\latex\graphics\keyval.sty"
Package: keyval 1999/03/16 v1.13 key=value parser (DPC)
\KV@toks@=\toks14
)
("C:\Program Files (x86)\MiKTeX 2.9\tex\latex\koma-script\scrlfile.sty"
Package: scrlfile 2013/12/19 v3.12 KOMA-Script package (loading files)

Package scrlfile, 2013/12/19 v3.12 KOMA-Script package (loading files)
                  Copyright (C) Markus Kohm

))) ("C:\Program Files (x86)\MiKTeX 2.9\tex\latex\koma-script\tocbasic.sty"
Package: tocbasic 2013/12/19 v3.12 KOMA-Script package (handling toc-files)
)
Package tocbasic Info: omitting babel extension for `toc'
(tocbasic)             because of feature `nobabel' available
(tocbasic)             for `toc' on input line 117.
Package tocbasic Info: omitting babel extension for `lof'
(tocbasic)             because of feature `nobabel' available
(tocbasic)             for `lof' on input line 118.
Package tocbasic Info: omitting babel extension for `lot'
(tocbasic)             because of feature `nobabel' available
(tocbasic)             for `lot' on input line 119.
Package tocbasic Info: defining new hook before heading of `' on input line 111
8.
Class scrbook Info: Switching compatibility level to `first'.
Package scrbook Info: You've used standard option `12pt'.
(scrbook)             This is correct!
(scrbook)             Internally I'm using `fontsize=12pt'.
(scrbook)             If you'd like to set the option with \KOMAoptions,
(scrbook)             you'd have to use `fontsize=12pt' there
(scrbook)             instead of `12pt', too.
Package scrbase Info: Unknown processing state.
(scrbase)             Processing option `twoside'
(scrbase)             of member `.scrbook.cls' of family
(scrbase)             `KOMA' doesn't set
(scrbase)             a valid state. This will be interpreted
(scrbase)             as \FamilyKeyStateProcessed on input line 1269.
Class scrbook Info: You've used standard option `openright'.
(scrbook)           This is correct!
(scrbook)           Internally I'm using `open=right'.
(scrbook)           If you'd like to set the option with \KOMAoptions,
(scrbook)           you'd have to use `open=right' there
(scrbook)           instead of `openright', too.
Class scrbook Info: File `scrsize12pt.clo' used to setup font sizes on input li
ne 1655.

("C:\Program Files (x86)\MiKTeX 2.9\tex\latex\koma-script\scrsize12pt.clo"
File: scrsize12pt.clo 2013/12/19 v3.12 KOMA-Script font size class option (12pt
)
)
("C:\Program Files (x86)\MiKTeX 2.9\tex\latex\koma-script\typearea.sty"
Package: typearea 2013/12/19 v3.12 KOMA-Script package (type area)

Package typearea, 2013/12/19 v3.12 KOMA-Script package (type area)
                  Copyright (C) Frank Neukam, 1992-1994
                  Copyright (C) Markus Kohm, 1994-

\ta@bcor=\skip41
\ta@div=\count79
Package scrextend Info: Switching compatibility level to `first'.
Package typearea Info: You've used standard option `a4paper'.
(typearea)             This is correct!
(typearea)             Internally I'm using `paper=a4'.
(typearea)             If you'd like to set the option with \KOMAoptions,
(typearea)             you'd have to use `paper=a4' there
(typearea)             instead of `a4paper', too.
\ta@hblk=\skip42
\ta@vblk=\skip43
\ta@temp=\skip44
\footheight=\skip45
Package typearea Info: These are the values describing the layout:
(typearea)             DIV  = 12
(typearea)             BCOR = 0.0pt
(typearea)             \paperwidth      = 597.50793pt
(typearea)              \textwidth      = 448.13095pt
(typearea)              DIV departure   = -6%
(typearea)              \evensidemargin = 27.31467pt
(typearea)              \oddsidemargin  = -22.47766pt
(typearea)             \paperheight     = 845.04694pt
(typearea)              \textheight     = 548.5pt
(typearea)              \topmargin      = -1.84941pt
(typearea)              \headheight     = 18.125pt
(typearea)              \headsep        = 21.75pt
(typearea)              \topskip        = 12.0pt
(typearea)              \footskip       = 50.75pt
(typearea)              \baselineskip   = 14.5pt
(typearea)              on input line 1330.
)
\c@part=\count80
\c@chapter=\count81
\c@section=\count82
\c@subsection=\count83
\c@subsubsection=\count84
\c@paragraph=\count85
\c@subparagraph=\count86
\abovecaptionskip=\skip46
\belowcaptionskip=\skip47
\c@pti@nb@sid@b@x=\box26
\c@figure=\count87
\c@table=\count88
\bibindent=\dimen102
) ("C:\Program Files (x86)\MiKTeX 2.9\tex\latex\geometry\geometry.sty"
Package: geometry 2010/09/12 v5.6 Page Geometry

("C:\Program Files (x86)\MiKTeX 2.9\tex\generic\oberdiek\ifpdf.sty"
Package: ifpdf 2011/01/30 v2.3 Provides the ifpdf switch (HO)
Package ifpdf Info: pdfTeX in PDF mode is detected.
)
("C:\Program Files (x86)\MiKTeX 2.9\tex\generic\oberdiek\ifvtex.sty"
Package: ifvtex 2010/03/01 v1.5 Detect VTeX and its facilities (HO)
Package ifvtex Info: VTeX not detected.
)
("C:\Program Files (x86)\MiKTeX 2.9\tex\generic\ifxetex\ifxetex.sty"
Package: ifxetex 2010/09/12 v0.6 Provides ifxetex conditional
)
\Gm@cnth=\count89
\Gm@cntv=\count90
\c@Gm@tempcnt=\count91
\Gm@bindingoffset=\dimen103
\Gm@wd@mp=\dimen104
\Gm@odd@mp=\dimen105
\Gm@even@mp=\dimen106
\Gm@layoutwidth=\dimen107
\Gm@layoutheight=\dimen108
\Gm@layouthoffset=\dimen109
\Gm@layoutvoffset=\dimen110
\Gm@dimlist=\toks15

("C:\Program Files (x86)\MiKTeX 2.9\tex\latex\geometry\geometry.cfg"))
("C:\Program Files (x86)\MiKTeX 2.9\tex\latex\base\inputenc.sty"
Package: inputenc 2008/03/30 v1.1d Input encoding file
\inpenc@prehook=\toks16
\inpenc@posthook=\toks17

("C:\Program Files (x86)\MiKTeX 2.9\tex\latex\base\latin1.def"
File: latin1.def 2008/03/30 v1.1d Input encoding file
))
("C:\Program Files (x86)\MiKTeX 2.9\tex\latex\base\fontenc.sty"
Package: fontenc 2005/09/27 v1.99g Standard LaTeX package

("C:\Program Files (x86)\MiKTeX 2.9\tex\latex\base\t1enc.def"
File: t1enc.def 2005/09/27 v1.99g Standard LaTeX file
LaTeX Font Info:    Redeclaring font encoding T1 on input line 43.
))
("C:\Program Files (x86)\MiKTeX 2.9\tex\latex\graphics\graphicx.sty"
Package: graphicx 1999/02/16 v1.0f Enhanced LaTeX Graphics (DPC,SPQR)

("C:\Program Files (x86)\MiKTeX 2.9\tex\latex\graphics\graphics.sty"
Package: graphics 2009/02/05 v1.0o Standard LaTeX Graphics (DPC,SPQR)

("C:\Program Files (x86)\MiKTeX 2.9\tex\latex\graphics\trig.sty"
Package: trig 1999/03/16 v1.09 sin cos tan (DPC)
)
("C:\Program Files (x86)\MiKTeX 2.9\tex\latex\00miktex\graphics.cfg"
File: graphics.cfg 2007/01/18 v1.5 graphics configuration of teTeX/TeXLive
)
Package graphics Info: Driver file: pdftex.def on input line 91.

("C:\Program Files (x86)\MiKTeX 2.9\tex\latex\pdftex-def\pdftex.def"
File: pdftex.def 2011/05/27 v0.06d Graphics/color for pdfTeX

("C:\Program Files (x86)\MiKTeX 2.9\tex\generic\oberdiek\infwarerr.sty"
Package: infwarerr 2010/04/08 v1.3 Providing info/warning/error messages (HO)
)
("C:\Program Files (x86)\MiKTeX 2.9\tex\generic\oberdiek\ltxcmds.sty"
Package: ltxcmds 2011/11/09 v1.22 LaTeX kernel commands for general use (HO)
)
\Gread@gobject=\count92
))
\Gin@req@height=\dimen111
\Gin@req@width=\dimen112
)
("C:\Program Files (x86)\MiKTeX 2.9\tex\latex\xcolor\xcolor.sty"
Package: xcolor 2007/01/21 v2.11 LaTeX color extensions (UK)

("C:\Program Files (x86)\MiKTeX 2.9\tex\latex\00miktex\color.cfg"
File: color.cfg 2007/01/18 v1.5 color configuration of teTeX/TeXLive
)
Package xcolor Info: Driver file: pdftex.def on input line 225.
Package xcolor Info: Model `cmy' substituted by `cmy0' on input line 1337.
Package xcolor Info: Model `hsb' substituted by `rgb' on input line 1341.
Package xcolor Info: Model `RGB' extended on input line 1353.
Package xcolor Info: Model `HTML' substituted by `rgb' on input line 1355.
Package xcolor Info: Model `Hsb' substituted by `hsb' on input line 1356.
Package xcolor Info: Model `tHsb' substituted by `hsb' on input line 1357.
Package xcolor Info: Model `HSB' substituted by `hsb' on input line 1358.
Package xcolor Info: Model `Gray' substituted by `gray' on input line 1359.
Package xcolor Info: Model `wave' substituted by `hsb' on input line 1360.
)
("C:\Program Files (x86)\MiKTeX 2.9\tex\latex\colortbl\colortbl.sty"
Package: colortbl 2012/02/13 v1.0a Color table columns (DPC)

("C:\Program Files (x86)\MiKTeX 2.9\tex\latex\tools\array.sty"
Package: array 2008/09/09 v2.4c Tabular extension package (FMi)
\col@sep=\dimen113
\extrarowheight=\dimen114
\NC@list=\toks18
\extratabsurround=\skip48
\backup@length=\skip49
)
\everycr=\toks19
\minrowclearance=\skip50
)
("C:\Program Files (x86)\MiKTeX 2.9\tex\latex\biblatex\biblatex.sty"
Package: biblatex 2014/06/25 v2.9a programmable bibliographies (PK/JW/AB)

("C:\Program Files (x86)\MiKTeX 2.9\tex\latex\biblatex\biblatex2.sty"
Package: biblatex2 2014/06/25 v2.9a programmable bibliographies (biber) (PK/JW/
AB)

("C:\Program Files (x86)\MiKTeX 2.9\tex\latex\etoolbox\etoolbox.sty"
Package: etoolbox 2011/01/03 v2.1 e-TeX tools for LaTeX

("C:\Program Files (x86)\MiKTeX 2.9\tex\latex\misc\etex.sty"
Package: etex 1998/03/26 v2.0 eTeX basic definition package (PEB)
\et@xins=\count93
)
\etb@tempcnta=\count94
)
("C:\Program Files (x86)\MiKTeX 2.9\tex\latex\oberdiek\kvoptions.sty"
Package: kvoptions 2011/06/30 v3.11 Key value format for package options (HO)

("C:\Program Files (x86)\MiKTeX 2.9\tex\generic\oberdiek\kvsetkeys.sty"
Package: kvsetkeys 2012/04/25 v1.16 Key value parser (HO)

("C:\Program Files (x86)\MiKTeX 2.9\tex\generic\oberdiek\etexcmds.sty"
Package: etexcmds 2011/02/16 v1.5 Avoid name clashes with e-TeX commands (HO)

("C:\Program Files (x86)\MiKTeX 2.9\tex\generic\oberdiek\ifluatex.sty"
Package: ifluatex 2010/03/01 v1.3 Provides the ifluatex switch (HO)
Package ifluatex Info: LuaTeX not detected.
)
Package etexcmds Info: Could not find \expanded.
(etexcmds)             That can mean that you are not using pdfTeX 1.50 or
(etexcmds)             that some package has redefined \expanded.
(etexcmds)             In the latter case, load this package earlier.
)))
("C:\Program Files (x86)\MiKTeX 2.9\tex\latex\logreq\logreq.sty"
Package: logreq 2010/08/04 v1.0 xml request logger
\lrq@indent=\count95

("C:\Program Files (x86)\MiKTeX 2.9\tex\latex\logreq\logreq.def"
File: logreq.def 2010/08/04 v1.0 logreq spec v1.0
))
("C:\Program Files (x86)\MiKTeX 2.9\tex\latex\base\ifthen.sty"
Package: ifthen 2001/05/26 v1.1c Standard LaTeX ifthen package (DPC)
)
("C:\Program Files (x86)\MiKTeX 2.9\tex\latex\url\url.sty"
\Urlmuskip=\muskip10
Package: url 2013/09/16  ver 3.4  Verb mode for urls, etc.
)
\c@tabx@nest=\count96
\c@listtotal=\count97
\c@listcount=\count98
\c@liststart=\count99
\c@liststop=\count100
\c@citecount=\count101
\c@citetotal=\count102
\c@multicitecount=\count103
\c@multicitetotal=\count104
\c@instcount=\count105
\c@maxnames=\count106
\c@minnames=\count107
\c@maxitems=\count108
\c@minitems=\count109
\c@citecounter=\count110
\c@savedcitecounter=\count111
\c@uniquelist=\count112
\c@uniquename=\count113
\c@refsection=\count114
\c@refsegment=\count115
\c@maxextratitle=\count116
\c@maxextratitleyear=\count117
\c@maxextrayear=\count118
\c@maxextraalpha=\count119
\c@abbrvpenalty=\count120
\c@highnamepenalty=\count121
\c@lownamepenalty=\count122
\c@maxparens=\count123
\c@parenlevel=\count124
\blx@tempcnta=\count125
\blx@tempcntb=\count126
\blx@tempcntc=\count127
\blx@maxsection=\count128
\blx@maxsegment@0=\count129
\blx@notetype=\count130
\blx@parenlevel@text=\count131
\blx@parenlevel@foot=\count132
\blx@sectionciteorder@0=\count133
\labelnumberwidth=\skip51
\labelalphawidth=\skip52
\biblabelsep=\skip53
\bibitemsep=\skip54
\bibnamesep=\skip55
\bibinitsep=\skip56
\bibparsep=\skip57
\bibhang=\skip58
\blx@bcfin=\read1
\blx@bcfout=\write3
\c@mincomprange=\count134
\c@maxcomprange=\count135
\c@mincompwidth=\count136
Package biblatex Info: Trying to load biblatex default data model...
Package biblatex Info: ... file 'blx-dm.def' found.

("C:\Program Files (x86)\MiKTeX 2.9\tex\latex\biblatex\blx-dm.def")
Package biblatex Info: Trying to load biblatex style data model...
Package biblatex Info: ... file 'numeric.dbx' not found.
Package biblatex Info: Trying to load biblatex custom data model...
Package biblatex Info: ... file 'biblatex-dm.cfg' not found.
\c@afterword=\count137
\c@savedafterword=\count138
\c@annotator=\count139
\c@savedannotator=\count140
\c@author=\count141
\c@savedauthor=\count142
\c@bookauthor=\count143
\c@savedbookauthor=\count144
\c@commentator=\count145
\c@savedcommentator=\count146
\c@editor=\count147
\c@savededitor=\count148
\c@editora=\count149
\c@savededitora=\count150
\c@editorb=\count151
\c@savededitorb=\count152
\c@editorc=\count153
\c@savededitorc=\count154
\c@foreword=\count155
\c@savedforeword=\count156
\c@holder=\count157
\c@savedholder=\count158
\c@introduction=\count159
\c@savedintroduction=\count160
\c@namea=\count161
\c@savednamea=\count162
\c@nameb=\count163
\c@savednameb=\count164
\c@namec=\count165
\c@savednamec=\count166
\c@translator=\count167
\c@savedtranslator=\count168
\c@shortauthor=\count169
\c@savedshortauthor=\count170
\c@shorteditor=\count171
\c@savedshorteditor=\count172
\c@labelname=\count173
\c@savedlabelname=\count174
\c@institution=\count175
\c@savedinstitution=\count176
\c@lista=\count177
\c@savedlista=\count178
\c@listb=\count179
\c@savedlistb=\count180
\c@listc=\count181
\c@savedlistc=\count182
\c@listd=\count183
\c@savedlistd=\count184
\c@liste=\count185
\c@savedliste=\count186
\c@listf=\count187
\c@savedlistf=\count188
\c@location=\count189
\c@savedlocation=\count190
\c@organization=\count191
\c@savedorganization=\count192
\c@origlocation=\count193
\c@savedoriglocation=\count194
\c@origpublisher=\count195
\c@savedorigpublisher=\count196
\c@publisher=\count197
\c@savedpublisher=\count198
\c@language=\count199
\c@savedlanguage=\count200
\c@pageref=\count201
\c@savedpageref=\count202
\shorthandwidth=\skip59
\shortjournalwidth=\skip60
\shortserieswidth=\skip61
\shorttitlewidth=\skip62
\shortauthorwidth=\skip63
\shorteditorwidth=\skip64
Package biblatex Info: Trying to load compatibility code...
Package biblatex Info: ... file 'blx-compat.def' found.

("C:\Program Files (x86)\MiKTeX 2.9\tex\latex\biblatex\blx-compat.def"
File: blx-compat.def 2014/06/25 v2.9a biblatex compatibility (PK/JW/AB)
)
Package biblatex Info: Trying to load generic definitions...
Package biblatex Info: ... file 'biblatex.def' found.

("C:\Program Files (x86)\MiKTeX 2.9\tex\latex\biblatex\biblatex.def"
File: biblatex.def 
\c@textcitecount=\count203
\c@textcitetotal=\count204
\c@textcitemaxnames=\count205
\c@biburlnumpenalty=\count206
\c@biburlucpenalty=\count207
\c@biburllcpenalty=\count208
\c@smartand=\count209
)
Package biblatex Info: Trying to load bibliography style 'numeric'...
Package biblatex Info: ... file 'numeric.bbx' found.

("C:\Program Files (x86)\MiKTeX 2.9\tex\latex\biblatex\bbx\numeric.bbx"
File: numeric.bbx 2014/06/25 v2.9a biblatex bibliography style (PK/JW/AB)
Package biblatex Info: Trying to load bibliography style 'standard'...
Package biblatex Info: ... file 'standard.bbx' found.

("C:\Program Files (x86)\MiKTeX 2.9\tex\latex\biblatex\bbx\standard.bbx"
File: standard.bbx 2014/06/25 v2.9a biblatex bibliography style (PK/JW/AB)
\c@bbx:relatedcount=\count210
\c@bbx:relatedtotal=\count211
))
Package biblatex Info: Trying to load citation style 'numeric'...
Package biblatex Info: ... file 'numeric.cbx' found.

("C:\Program Files (x86)\MiKTeX 2.9\tex\latex\biblatex\cbx\numeric.cbx"
File: numeric.cbx 2014/06/25 v2.9a biblatex citation style (PK/JW/AB)
Package biblatex Info: Redefining '\cite'.
Package biblatex Info: Redefining '\parencite'.
Package biblatex Info: Redefining '\footcite'.
Package biblatex Info: Redefining '\footcitetext'.
Package biblatex Info: Redefining '\smartcite'.
Package biblatex Info: Redefining '\supercite'.
Package biblatex Info: Redefining '\textcite'.
Package biblatex Info: Redefining '\textcites'.
Package biblatex Info: Redefining '\cites'.
Package biblatex Info: Redefining '\parencites'.
Package biblatex Info: Redefining '\smartcites'.
)
Package biblatex Info: Trying to load configuration file...
Package biblatex Info: ... file 'biblatex.cfg' found.

("C:\Program Files (x86)\MiKTeX 2.9\tex\latex\biblatex\biblatex.cfg"
File: biblatex.cfg 
)))
("C:\Program Files (x86)\MiKTeX 2.9\tex\latex\titleref\titleref.sty"
Package: titleref 2001/04/05 v3.1  Cross-references with titles.
)
("C:\Program Files (x86)\MiKTeX 2.9\tex\generic\babel\babel.sty"
Package: babel 2008/07/08 v3.8m The Babel package

*************************************
* Local config file bblopts.cfg used
*
("C:\Program Files (x86)\MiKTeX 2.9\tex\latex\00miktex\bblopts.cfg"
File: bblopts.cfg 2006/07/31 v1.0 MiKTeX 'babel' configuration
)
("C:\Program Files (x86)\MiKTeX 2.9\tex\generic\babel\english.ldf"
Language: english 2005/03/30 v3.3o English support from the babel system

("C:\Program Files (x86)\MiKTeX 2.9\tex\generic\babel\babel.def"
File: babel.def 2008/07/08 v3.8m Babel common definitions
\babel@savecnt=\count212
\U@D=\dimen115
)
\l@canadian = a dialect from \language\l@american 
\l@australian = a dialect from \language\l@british 
\l@newzealand = a dialect from \language\l@british 
)
("C:\Program Files (x86)\MiKTeX 2.9\tex\generic\babel\ngermanb.ldf"
Language: ngermanb 2008/07/06 v2.6n new German support from the babel system
\l@naustrian = a dialect from \language\l@ngerman 
Package babel Info: Making " an active character on input line 92.
))
("C:\Program Files (x86)\MiKTeX 2.9\tex\latex\csquotes\csquotes.sty"
Package: csquotes 2011/10/22 v5.1d context-sensitive quotations
\csq@reset=\count213
\csq@gtype=\count214
\csq@glevel=\count215
\csq@qlevel=\count216
\csq@maxlvl=\count217
\csq@tshold=\count218
\csq@ltx@everypar=\toks20

("C:\Program Files (x86)\MiKTeX 2.9\tex\latex\csquotes\csquotes.def"
File: csquotes.def 2011/10/22 v5.1d csquotes generic definitions
)
Package csquotes Info: Trying to load configuration file 'csquotes.cfg'...
Package csquotes Info: ... configuration file loaded successfully.

("C:\Program Files (x86)\MiKTeX 2.9\tex\latex\csquotes\csquotes.cfg"
File: csquotes.cfg 
))
("C:\Program Files (x86)\MiKTeX 2.9\tex\latex\base\textcomp.sty"
Package: textcomp 2005/09/27 v1.99g Standard LaTeX package
Package textcomp Info: Sub-encoding information:
(textcomp)               5 = only ISO-Adobe without \textcurrency
(textcomp)               4 = 5 + \texteuro
(textcomp)               3 = 4 + \textohm
(textcomp)               2 = 3 + \textestimated + \textcurrency
(textcomp)               1 = TS1 - \textcircled - \t
(textcomp)               0 = TS1 (full)
(textcomp)             Font families with sub-encoding setting implement
(textcomp)             only a restricted character set as indicated.
(textcomp)             Family '?' is the default used for unknown fonts.
(textcomp)             See the documentation for details.
Package textcomp Info: Setting ? sub-encoding to TS1/1 on input line 71.

("C:\Program Files (x86)\MiKTeX 2.9\tex\latex\base\ts1enc.def"
File: ts1enc.def 2001/06/05 v3.0e (jk/car/fm) Standard LaTeX file
)
LaTeX Info: Redefining \oldstylenums on input line 266.
Package textcomp Info: Setting cmr sub-encoding to TS1/0 on input line 281.
Package textcomp Info: Setting cmss sub-encoding to TS1/0 on input line 282.
Package textcomp Info: Setting cmtt sub-encoding to TS1/0 on input line 283.
Package textcomp Info: Setting cmvtt sub-encoding to TS1/0 on input line 284.
Package textcomp Info: Setting cmbr sub-encoding to TS1/0 on input line 285.
Package textcomp Info: Setting cmtl sub-encoding to TS1/0 on input line 286.
Package textcomp Info: Setting ccr sub-encoding to TS1/0 on input line 287.
Package textcomp Info: Setting ptm sub-encoding to TS1/4 on input line 288.
Package textcomp Info: Setting pcr sub-encoding to TS1/4 on input line 289.
Package textcomp Info: Setting phv sub-encoding to TS1/4 on input line 290.
Package textcomp Info: Setting ppl sub-encoding to TS1/3 on input line 291.
Package textcomp Info: Setting pag sub-encoding to TS1/4 on input line 292.
Package textcomp Info: Setting pbk sub-encoding to TS1/4 on input line 293.
Package textcomp Info: Setting pnc sub-encoding to TS1/4 on input line 294.
Package textcomp Info: Setting pzc sub-encoding to TS1/4 on input line 295.
Package textcomp Info: Setting bch sub-encoding to TS1/4 on input line 296.
Package textcomp Info: Setting put sub-encoding to TS1/5 on input line 297.
Package textcomp Info: Setting uag sub-encoding to TS1/5 on input line 298.
Package textcomp Info: Setting ugq sub-encoding to TS1/5 on input line 299.
Package textcomp Info: Setting ul8 sub-encoding to TS1/4 on input line 300.
Package textcomp Info: Setting ul9 sub-encoding to TS1/4 on input line 301.
Package textcomp Info: Setting augie sub-encoding to TS1/5 on input line 302.
Package textcomp Info: Setting dayrom sub-encoding to TS1/3 on input line 303.
Package textcomp Info: Setting dayroms sub-encoding to TS1/3 on input line 304.

Package textcomp Info: Setting pxr sub-encoding to TS1/0 on input line 305.
Package textcomp Info: Setting pxss sub-encoding to TS1/0 on input line 306.
Package textcomp Info: Setting pxtt sub-encoding to TS1/0 on input line 307.
Package textcomp Info: Setting txr sub-encoding to TS1/0 on input line 308.
Package textcomp Info: Setting txss sub-encoding to TS1/0 on input line 309.
Package textcomp Info: Setting txtt sub-encoding to TS1/0 on input line 310.
Package textcomp Info: Setting lmr sub-encoding to TS1/0 on input line 311.
Package textcomp Info: Setting lmdh sub-encoding to TS1/0 on input line 312.
Package textcomp Info: Setting lmss sub-encoding to TS1/0 on input line 313.
Package textcomp Info: Setting lmssq sub-encoding to TS1/0 on input line 314.
Package textcomp Info: Setting lmvtt sub-encoding to TS1/0 on input line 315.
Package textcomp Info: Setting qhv sub-encoding to TS1/0 on input line 316.
Package textcomp Info: Setting qag sub-encoding to TS1/0 on input line 317.
Package textcomp Info: Setting qbk sub-encoding to TS1/0 on input line 318.
Package textcomp Info: Setting qcr sub-encoding to TS1/0 on input line 319.
Package textcomp Info: Setting qcs sub-encoding to TS1/0 on input line 320.
Package textcomp Info: Setting qpl sub-encoding to TS1/0 on input line 321.
Package textcomp Info: Setting qtm sub-encoding to TS1/0 on input line 322.
Package textcomp Info: Setting qzc sub-encoding to TS1/0 on input line 323.
Package textcomp Info: Setting qhvc sub-encoding to TS1/0 on input line 324.
Package textcomp Info: Setting futs sub-encoding to TS1/4 on input line 325.
Package textcomp Info: Setting futx sub-encoding to TS1/4 on input line 326.
Package textcomp Info: Setting futj sub-encoding to TS1/4 on input line 327.
Package textcomp Info: Setting hlh sub-encoding to TS1/3 on input line 328.
Package textcomp Info: Setting hls sub-encoding to TS1/3 on input line 329.
Package textcomp Info: Setting hlst sub-encoding to TS1/3 on input line 330.
Package textcomp Info: Setting hlct sub-encoding to TS1/5 on input line 331.
Package textcomp Info: Setting hlx sub-encoding to TS1/5 on input line 332.
Package textcomp Info: Setting hlce sub-encoding to TS1/5 on input line 333.
Package textcomp Info: Setting hlcn sub-encoding to TS1/5 on input line 334.
Package textcomp Info: Setting hlcw sub-encoding to TS1/5 on input line 335.
Package textcomp Info: Setting hlcf sub-encoding to TS1/5 on input line 336.
Package textcomp Info: Setting pplx sub-encoding to TS1/3 on input line 337.
Package textcomp Info: Setting pplj sub-encoding to TS1/3 on input line 338.
Package textcomp Info: Setting ptmx sub-encoding to TS1/4 on input line 339.
Package textcomp Info: Setting ptmj sub-encoding to TS1/4 on input line 340.
)
("C:\Program Files (x86)\MiKTeX 2.9\tex\latex\acronym\acronym.sty"
Package: acronym 2014/09/29 v1.40 Support for acronyms (Tobias Oetiker)

("C:\Program Files (x86)\MiKTeX 2.9\tex\latex\bigfoot\suffix.sty"
Package: suffix 2006/07/15 1.5a Variant command support
)
("C:\Program Files (x86)\MiKTeX 2.9\tex\latex\xstring\xstring.sty"
("C:\Program Files (x86)\MiKTeX 2.9\tex\generic\xstring\xstring.tex"
\@xs@message=\write4
\integerpart=\count219
\decimalpart=\count220
)
Package: xstring 2013/10/13  v1.7c  String manipulations (C Tellechea)
)
\AC@clearlist=\toks21
)
("C:\Program Files (x86)\MiKTeX 2.9\tex\latex\appendix\appendix.sty"
Package: appendix 2009/09/02 v1.2b extra appendix facilities
\c@@pps=\count221
\c@@ppsavesec=\count222
\c@@ppsaveapp=\count223
)
("C:\Program Files (x86)\MiKTeX 2.9\tex\latex\footmisc\footmisc.sty"
Package: footmisc 2011/06/06 v5.5b a miscellany of footnote facilities
\FN@temptoken=\toks22
\footnotemargin=\dimen116
\c@pp@next@reset=\count224
Package footmisc Info: Declaring symbol style bringhurst on input line 855.
Package footmisc Info: Declaring symbol style chicago on input line 863.
Package footmisc Info: Declaring symbol style wiley on input line 872.
Package footmisc Info: Declaring symbol style lamport-robust on input line 883.

Package footmisc Info: Declaring symbol style lamport* on input line 903.
Package footmisc Info: Declaring symbol style lamport*-robust on input line 924
.
)
("C:\Program Files (x86)\MiKTeX 2.9\tex\latex\comment\comment.sty"
\CommentStream=\write5

Excluding comment 'comment')
("C:\Program Files (x86)\MiKTeX 2.9\tex\latex\chngcntr\chngcntr.sty"
Package: chngcntr 2009/09/02 v1.0a change counter resetting
)
("C:\Program Files (x86)\MiKTeX 2.9\tex\latex\booktabs\booktabs.sty"
Package: booktabs 2005/04/14 v1.61803 publication quality tables
\heavyrulewidth=\dimen117
\lightrulewidth=\dimen118
\cmidrulewidth=\dimen119
\belowrulesep=\dimen120
\belowbottomsep=\dimen121
\aboverulesep=\dimen122
\abovetopsep=\dimen123
\cmidrulesep=\dimen124
\cmidrulekern=\dimen125
\defaultaddspace=\dimen126
\@cmidla=\count225
\@cmidlb=\count226
\@aboverulesep=\dimen127
\@belowrulesep=\dimen128
\@thisruleclass=\count227
\@lastruleclass=\count228
\@thisrulewidth=\dimen129
)
("C:\Program Files (x86)\MiKTeX 2.9\tex\latex\tools\tabularx.sty"
Package: tabularx 1999/01/07 v2.07 `tabularx' package (DPC)
\TX@col@width=\dimen130
\TX@old@table=\dimen131
\TX@old@col=\dimen132
\TX@target=\dimen133
\TX@delta=\dimen134
\TX@cols=\count229
\TX@ftn=\toks23
)
("C:\Program Files (x86)\MiKTeX 2.9\tex\latex\tabulary\tabulary.sty"
Package: tabulary 2014/06/11 v0.10 tabulary package (DPC)
\TY@count=\count230
\TY@linewidth=\dimen135
\tymin=\dimen136
\tymax=\dimen137
\TY@tablewidth=\dimen138
)
("C:\Program Files (x86)\MiKTeX 2.9\tex\latex\tools\longtable.sty"
Package: longtable 2004/02/01 v4.11 Multi-page Table package (DPC)
\LTleft=\skip65
\LTright=\skip66
\LTpre=\skip67
\LTpost=\skip68
\LTchunksize=\count231
\LTcapwidth=\dimen139
\LT@head=\box27
\LT@firsthead=\box28
\LT@foot=\box29
\LT@lastfoot=\box30
\LT@cols=\count232
\LT@rows=\count233
Normal \count register pool exhausted, switching to extended pool.
\c@LT@tables=\count277
\c@LT@chunks=\count278
\LT@p@ftn=\toks24
)
Class scrbook Info: longtable captions redefined on input line 63.

("C:\Program Files (x86)\MiKTeX 2.9\tex\latex\tabu\tabu.sty"
Package: tabu 2011/02/26 v2.8 - flexible LaTeX tabulars (FC)

("C:\Program Files (x86)\MiKTeX 2.9\tex\latex\ltxmisc\varwidth.sty"
Package: varwidth 2009/03/30 ver 0.92;  Variable-width minipages
\@vwid@box=\box31
\sift@deathcycles=\count279
\@vwid@loff=\dimen140
\@vwid@roff=\dimen141
)
\c@taburow=\count280
\tabu@nbcols=\count281
\tabu@cnt=\count282
\tabu@Xcol=\count283
\tabu@alloc=\count284
\tabu@nested=\count285
\tabu@target=\dimen142
\tabu@spreadtarget=\dimen143
\tabu@naturalX=\dimen144
\tabucolX=\dimen145
\tabu@Xsum=\dimen146
\extrarowdepth=\dimen147
\abovetabulinesep=\dimen148
\belowtabulinesep=\dimen149
\tabustrutrule=\dimen150
\tabu@thebody=\toks25
\tabu@footnotes=\toks26
\tabu@box=\box32
\tabu@arstrutbox=\box33
\tabu@hleads=\box34
\tabu@vleads=\box35
\tabu@cellskip=\skip69
)
("C:\Program Files (x86)\MiKTeX 2.9\tex\latex\tools\multicol.sty"
Package: multicol 2011/06/27 v1.7a multicolumn formatting (FMi)
\c@tracingmulticols=\count286
\mult@box=\box36
\multicol@leftmargin=\dimen151
\c@unbalance=\count287
\c@collectmore=\count288
\doublecol@number=\count289
\multicoltolerance=\count290
\multicolpretolerance=\count291
\full@width=\dimen152
\page@free=\dimen153
\premulticols=\dimen154
\postmulticols=\dimen155
\multicolsep=\skip70
\multicolbaselineskip=\skip71
\partial@page=\box37
\last@line=\box38
\mult@rightbox=\box39
\mult@grightbox=\box40
\mult@gfirstbox=\box41
\mult@firstbox=\box42
\@tempa=\box43
\@tempa=\box44
\@tempa=\box45
\@tempa=\box46
\@tempa=\box47
\@tempa=\box48
\@tempa=\box49
\@tempa=\box50
\@tempa=\box51
\@tempa=\box52
\@tempa=\box53
\@tempa=\box54
\@tempa=\box55
\@tempa=\box56
\@tempa=\box57
\@tempa=\box58
\@tempa=\box59
\c@columnbadness=\count292
\c@finalcolumnbadness=\count293
\last@try=\dimen156
\multicolovershoot=\dimen157
\multicolundershoot=\dimen158
\mult@nat@firstbox=\box60
\colbreak@box=\box61
\multicol@sort@counter=\count294
)
("C:\Program Files (x86)\MiKTeX 2.9\tex\latex\tools\calc.sty"
Package: calc 2007/08/22 v4.3 Infix arithmetic (KKT,FJ)
\calc@Acount=\count295
\calc@Bcount=\count296
\calc@Adimen=\dimen159
\calc@Bdimen=\dimen160
\calc@Askip=\skip72
\calc@Bskip=\skip73
LaTeX Info: Redefining \setlength on input line 76.
LaTeX Info: Redefining \addtolength on input line 77.
\calc@Ccount=\count297
\calc@Cskip=\skip74
)
("C:\Program Files (x86)\MiKTeX 2.9\tex\latex\koma-script\scrhack.sty"
Package: scrhack 2013/12/19 v3.12 KOMA-Script package 
)
("C:\Program Files (x86)\MiKTeX 2.9\tex\latex\float\float.sty"
Package: float 2001/11/08 v1.3d Float enhancements (AL)
\c@float@type=\count298
\float@exts=\toks27
\float@box=\box62
\@float@everytoks=\toks28
\@floatcapt=\box63
)
Package scrhack Info: loading float hack on input line 72.

("C:\Program Files (x86)\MiKTeX 2.9\tex\latex\koma-script\float.hak"
File: float.hak 2013/12/19 v3.12 KOMA-Script package (hacking package float)
Package scrhack Info: redefining \newfloat on input line 161.
Package scrhack Info: redefining \listof on input line 161.
Package scrhack Info: undefining \float@addtolists on input line 161.
)
("C:\Program Files (x86)\MiKTeX 2.9\tex\latex\enumitem\enumitem.sty"
Package: enumitem 2011/09/28 v3.5.2 Customized lists
\labelindent=\skip75
\enit@outerparindent=\dimen161
\enit@toks=\toks29
\enit@inbox=\box64
\enitdp@description=\count299
)
("C:\Program Files (x86)\MiKTeX 2.9\tex\latex\tools\hhline.sty"
Package: hhline 1994/05/23 v2.03 Table rule package (DPC)
)
("C:\Program Files (x86)\MiKTeX 2.9\tex\latex\rotating\rotating.sty"
Package: rotating 2009/03/28 v2.16a rotated objects in LaTeX
\c@r@tfl@t=\count300
\rotFPtop=\skip76
\rotFPbot=\skip77
\rot@float@box=\box65
\rot@mess@toks=\toks30
)
("C:\Program Files (x86)\MiKTeX 2.9\tex\latex\bbding\bbding.sty"
Package: bbding 1999/04/15 v1.01 Dingbats symbols
)
("C:\Program Files (x86)\MiKTeX 2.9\tex\latex\dingbat\dingbat.sty"
Package: dingbat 2001/04/27 v1.00 Hands and other dingbats
)
("C:\Program Files (x86)\MiKTeX 2.9\tex\latex\wasysym\wasysym.sty"
Package: wasysym 2003/10/30 v2.0 Wasy-2 symbol support package
\symwasy=\mathgroup4
LaTeX Font Info:    Overwriting symbol font `wasy' in version `bold'
(Font)                  U/wasy/m/n --> U/wasy/b/n on input line 90.
)
("C:\Program Files (x86)\MiKTeX 2.9\tex\latex\oberdiek\pdflscape.sty"
Package: pdflscape 2008/08/11 v0.10 Display of landscape pages in PDF (HO)

("C:\Program Files (x86)\MiKTeX 2.9\tex\latex\graphics\lscape.sty"
Package: lscape 2000/10/22 v3.01 Landscape Pages (DPC)
)
Package pdflscape Info: Auto-detected driver: pdftex on input line 80.
)
("C:\Program Files (x86)\MiKTeX 2.9\tex\latex\hyperref\hyperref.sty"
Package: hyperref 2012/11/06 v6.83m Hypertext links for LaTeX

("C:\Program Files (x86)\MiKTeX 2.9\tex\generic\oberdiek\hobsub-hyperref.sty"
Package: hobsub-hyperref 2012/04/25 v1.12 Bundle oberdiek, subset hyperref (HO)


("C:\Program Files (x86)\MiKTeX 2.9\tex\generic\oberdiek\hobsub-generic.sty"
Package: hobsub-generic 2012/04/25 v1.12 Bundle oberdiek, subset generic (HO)
Package: hobsub 2012/04/25 v1.12 Construct package bundles (HO)
Package hobsub Info: Skipping package `infwarerr' (already loaded).
Package hobsub Info: Skipping package `ltxcmds' (already loaded).
Package hobsub Info: Skipping package `ifluatex' (already loaded).
Package hobsub Info: Skipping package `ifvtex' (already loaded).
Package: intcalc 2007/09/27 v1.1 Expandable calculations with integers (HO)
Package hobsub Info: Skipping package `ifpdf' (already loaded).
Package hobsub Info: Skipping package `etexcmds' (already loaded).
Package hobsub Info: Skipping package `kvsetkeys' (already loaded).
Package: kvdefinekeys 2011/04/07 v1.3 Define keys (HO)
Package: pdftexcmds 2011/11/29 v0.20 Utility functions of pdfTeX for LuaTeX (HO
)
Package pdftexcmds Info: LuaTeX not detected.
Package pdftexcmds Info: \pdf@primitive is available.
Package pdftexcmds Info: \pdf@ifprimitive is available.
Package pdftexcmds Info: \pdfdraftmode found.
Package: pdfescape 2011/11/25 v1.13 Implements pdfTeX's escape features (HO)
Package: bigintcalc 2012/04/08 v1.3 Expandable calculations on big integers (HO
)
Package: bitset 2011/01/30 v1.1 Handle bit-vector datatype (HO)
Package: uniquecounter 2011/01/30 v1.2 Provide unlimited unique counter (HO)
)
Package hobsub Info: Skipping package `hobsub' (already loaded).
Package: letltxmacro 2010/09/02 v1.4 Let assignment for LaTeX macros (HO)
Package: hopatch 2011/06/24 v1.1 Wrapper for package hooks (HO)
Package: xcolor-patch 2011/01/30 xcolor patch
Package: atveryend 2011/06/30 v1.8 Hooks at the very end of document (HO)
Package: atbegshi 2011/10/05 v1.16 At begin shipout hook (HO)
Package: refcount 2011/10/16 v3.4 Data extraction from label references (HO)
Package: hycolor 2011/01/30 v1.7 Color options for hyperref/bookmark (HO)
)
("C:\Program Files (x86)\MiKTeX 2.9\tex\latex\oberdiek\auxhook.sty"
Package: auxhook 2011/03/04 v1.3 Hooks for auxiliary files (HO)
)
\@linkdim=\dimen162
\Hy@linkcounter=\count301
\Hy@pagecounter=\count302

("C:\Program Files (x86)\MiKTeX 2.9\tex\latex\hyperref\pd1enc.def"
File: pd1enc.def 2012/11/06 v6.83m Hyperref: PDFDocEncoding definition (HO)
)
\Hy@SavedSpaceFactor=\count303

("C:\Program Files (x86)\MiKTeX 2.9\tex\latex\00miktex\hyperref.cfg"
File: hyperref.cfg 2002/06/06 v1.2 hyperref configuration of TeXLive
)
Package hyperref Info: Option `colorlinks' set `false' on input line 4319.
Package hyperref Info: Hyper figures OFF on input line 4443.
Package hyperref Info: Link nesting OFF on input line 4448.
Package hyperref Info: Hyper index ON on input line 4451.
Package hyperref Info: Plain pages OFF on input line 4458.
Package hyperref Info: Backreferencing OFF on input line 4463.
Package hyperref Info: Implicit mode ON; LaTeX internals redefined.
Package hyperref Info: Bookmarks ON on input line 4688.
\c@Hy@tempcnt=\count304
LaTeX Info: Redefining \url on input line 5041.
\XeTeXLinkMargin=\dimen163
\Fld@menulength=\count305
\Field@Width=\dimen164
\Fld@charsize=\dimen165
Package hyperref Info: Hyper figures OFF on input line 6295.
Package hyperref Info: Link nesting OFF on input line 6300.
Package hyperref Info: Hyper index ON on input line 6303.
Package hyperref Info: backreferencing OFF on input line 6310.
Package hyperref Info: Link coloring OFF on input line 6315.
Package hyperref Info: Link coloring with OCG OFF on input line 6320.
Package hyperref Info: PDF/A mode OFF on input line 6325.
LaTeX Info: Redefining \ref on input line 6365.
LaTeX Info: Redefining \pageref on input line 6369.
\Hy@abspage=\count306
\c@Item=\count307
\c@Hfootnote=\count308
)
Package scrhack Info: hyperref hack deactivated because of
(scrhack)             detection of hyperref version, that doesn't
(scrhack)             need that hack, on input line 94.


Package hyperref Message: Driver (autodetected): hpdftex.

("C:\Program Files (x86)\MiKTeX 2.9\tex\latex\hyperref\hpdftex.def"
File: hpdftex.def 2012/11/06 v6.83m Hyperref driver for pdfTeX
\Fld@listcount=\count309
\c@bookmark@seq@number=\count310

("C:\Program Files (x86)\MiKTeX 2.9\tex\latex\oberdiek\rerunfilecheck.sty"
Package: rerunfilecheck 2011/04/15 v1.7 Rerun checks for auxiliary files (HO)
Package uniquecounter Info: New unique counter `rerunfilecheck' on input line 2
82.
)
\Hy@SectionHShift=\skip78
)
\@float@every@table=\toks31
\@float@every@figure=\toks32
Package biblatex Info: Trying to load language 'ngerman'...
Package biblatex Info: ... file 'ngerman.lbx' found.

("C:\Program Files (x86)\MiKTeX 2.9\tex\latex\biblatex\lbx\ngerman.lbx"
File: ngerman.lbx 2014/06/25 v2.9a biblatex localization (PK/JW/AB)
Package biblatex Info: Trying to load language 'german'...
Package biblatex Info: ... file 'german.lbx' found.

("C:\Program Files (x86)\MiKTeX 2.9\tex\latex\biblatex\lbx\german.lbx"
File: german.lbx 2014/06/25 v2.9a biblatex localization (PK/JW/AB)
))
Package csquotes Info: Checking for multilingual support...
Package csquotes Info: ... found 'babel' package.
Package csquotes Info: Adjusting default style.
Package csquotes Info: Redefining alias 'default' -> 'ngerman'.

(C:\Users\Ulrike\EVALUIERUNG\Dokumentation\BillysPayback.aux
(C:\Users\Ulrike\EVALUIERUNG\Dokumentation\Inhalt/Titel/Deckblatt.aux)
(C:\Users\Ulrike\EVALUIERUNG\Dokumentation\Inhalt/Kurzfassung/Abstrakt.aux
Package biblatex Info: Trying to load language 'english'...
Package biblatex Info: ... file 'english.lbx' found.

("C:\Program Files (x86)\MiKTeX 2.9\tex\latex\biblatex\lbx\english.lbx"
File: english.lbx 2014/06/25 v2.9a biblatex localization (PK/JW/AB)
))
(C:\Users\Ulrike\EVALUIERUNG\Dokumentation\Inhalt/Einleitung/Einleitung.aux)
(C:\Users\Ulrike\EVALUIERUNG\Dokumentation\Inhalt/Grundlagen/Grundlagen.aux)
(C:\Users\Ulrike\EVALUIERUNG\Dokumentation\Inhalt/VerwandteArbeiten/VerwandteAr
beiten.aux)
(C:\Users\Ulrike\EVALUIERUNG\Dokumentation\Inhalt/Konzept/Konzept.aux)
(C:\Users\Ulrike\EVALUIERUNG\Dokumentation\Inhalt/Planung/Planung.aux)
(C:\Users\Ulrike\EVALUIERUNG\Dokumentation\Inhalt/Evaluierung/Evaluierung.aux)
(C:\Users\Ulrike\EVALUIERUNG\Dokumentation\Inhalt/Zusammenfassung/Zusammenfassu
ng.aux) (C:\Users\Ulrike\EVALUIERUNG\Dokumentation\Inhalt/Anhang/Anhang.aux))
LaTeX Font Info:    Checking defaults for OML/cmm/m/it on input line 139.
LaTeX Font Info:    ... okay on input line 139.
LaTeX Font Info:    Checking defaults for T1/cmr/m/n on input line 139.
LaTeX Font Info:    ... okay on input line 139.
LaTeX Font Info:    Checking defaults for OT1/cmr/m/n on input line 139.
LaTeX Font Info:    ... okay on input line 139.
LaTeX Font Info:    Checking defaults for OMS/cmsy/m/n on input line 139.
LaTeX Font Info:    ... okay on input line 139.
LaTeX Font Info:    Checking defaults for OMX/cmex/m/n on input line 139.
LaTeX Font Info:    ... okay on input line 139.
LaTeX Font Info:    Checking defaults for U/cmr/m/n on input line 139.
LaTeX Font Info:    ... okay on input line 139.
LaTeX Font Info:    Checking defaults for TS1/cmr/m/n on input line 139.
LaTeX Font Info:    Try loading font information for TS1+cmr on input line 139.


("C:\Program Files (x86)\MiKTeX 2.9\tex\latex\base\ts1cmr.fd"
File: ts1cmr.fd 1999/05/25 v2.5h Standard LaTeX font definitions
)
LaTeX Font Info:    ... okay on input line 139.
LaTeX Font Info:    Checking defaults for PD1/pdf/m/n on input line 139.
LaTeX Font Info:    ... okay on input line 139.

*geometry* driver: auto-detecting
*geometry* detected driver: pdftex
*geometry* verbose mode - [ preamble ] result:
* driver: pdftex
* paper: a4paper
* layout: <same size as paper>
* layoutoffset:(h,v)=(0.0pt,0.0pt)
* modes: twoside 
* h-part:(L,W,R)=(85.35826pt, 455.24411pt, 56.9055pt)
* v-part:(T,H,B)=(71.13188pt, 688.5567pt, 85.35826pt)
* \paperwidth=597.50787pt
* \paperheight=845.04684pt
* \textwidth=455.24411pt
* \textheight=688.5567pt
* \oddsidemargin=13.08827pt
* \evensidemargin=-15.36449pt
* \topmargin=-41.0131pt
* \headheight=18.125pt
* \headsep=21.75pt
* \topskip=12.0pt
* \footskip=50.75pt
* \marginparwidth=74.68849pt
* \marginparsep=12.8401pt
* \columnsep=10.0pt
* \skip\footins=10.8pt plus 4.0pt minus 2.0pt
* \hoffset=0.0pt
* \voffset=0.0pt
* \mag=1000
* \@twocolumnfalse
* \@twosidetrue
* \@mparswitchtrue
* \@reversemarginfalse
* (1in=72.27pt=25.4mm, 1cm=28.453pt)

("C:\Program Files (x86)\MiKTeX 2.9\tex\context\base\supp-pdf.mkii"
[Loading MPS to PDF converter (version 2006.09.02).]
\scratchcounter=\count311
\scratchdimen=\dimen166
\scratchbox=\box66
\nofMPsegments=\count312
\nofMParguments=\count313
\everyMPshowfont=\toks33
\MPscratchCnt=\count314
\MPscratchDim=\dimen167
\MPnumerator=\count315
\makeMPintoPDFobject=\count316
\everyMPtoPDFconversion=\toks34
)
Package biblatex Info: Input encoding 'latin1' detected.
Package biblatex Info: Automatic encoding selection.
(biblatex)             Assuming data encoding 'latin1'.
Package biblatex Info: Trying to load bibliographic data...
Package biblatex Info: ... file 'BillysPayback.bbl' found.
 (C:\Users\Ulrike\EVALUIERUNG\Dokumentation\BillysPayback.bbl)
Package biblatex Info: Reference section=0 on input line 139.
Package biblatex Info: Reference segment=0 on input line 139.
\AtBeginShipoutBox=\box67
Package hyperref Info: Link coloring OFF on input line 139.

("C:\Program Files (x86)\MiKTeX 2.9\tex\latex\hyperref\nameref.sty"
Package: nameref 2012/10/27 v2.43 Cross-referencing by name of section

("C:\Program Files (x86)\MiKTeX 2.9\tex\generic\oberdiek\gettitlestring.sty"
Package: gettitlestring 2010/12/03 v1.4 Cleanup title references (HO)
)
\c@section@level=\count317
)
LaTeX Info: Redefining \ref on input line 139.
LaTeX Info: Redefining \pageref on input line 139.
LaTeX Info: Redefining \nameref on input line 139.

(C:\Users\Ulrike\EVALUIERUNG\Dokumentation\BillysPayback.out)
(C:\Users\Ulrike\EVALUIERUNG\Dokumentation\BillysPayback.out)
\@outlinefile=\write6

(C:\Users\Ulrike\EVALUIERUNG\Dokumentation\Inhalt/Titel/Deckblatt.tex
<Inhalt/Titel/acagamics.png, id=283, 1572.87625pt x 944.52875pt>
File: Inhalt/Titel/acagamics.png Graphic file (type png)

<use Inhalt/Titel/acagamics.png>
Package pdftex.def Info: Inhalt/Titel/acagamics.png used on input line 10.
(pdftex.def)             Requested size: 341.43307pt x 205.0298pt.
 [1





{C:/ProgramData/MiKTeX/2.9/pdftex/config/pdftex.map} <C:/Users/Ulrike/EVALUIERU
NG/Dokumentation/Inhalt/Titel/acagamics.png>]) [2



]
(C:\Users\Ulrike\EVALUIERUNG\Dokumentation\Inhalt/Kurzfassung/Abstrakt.tex
LaTeX Font Info:    Try loading font information for T1+cmss on input line 6.

("C:\Program Files (x86)\MiKTeX 2.9\tex\latex\base\t1cmss.fd"
File: t1cmss.fd 1999/05/25 v2.5h Standard LaTeX font definitions
)) [3

] [4



]
(C:\Users\Ulrike\EVALUIERUNG\Dokumentation\BillysPayback.toc
LaTeX Font Info:    External font `cmex10' loaded for size
(Font)              <12> on input line 31.
LaTeX Font Info:    External font `cmex10' loaded for size
(Font)              <8> on input line 31.
LaTeX Font Info:    External font `cmex10' loaded for size
(Font)              <6> on input line 31.
LaTeX Font Info:    Try loading font information for U+wasy on input line 31.

("C:\Program Files (x86)\MiKTeX 2.9\tex\latex\wasysym\uwasy.fd"
File: uwasy.fd 2003/10/30 v2.0 Wasy-2 symbol font definitions
) [1


])
\tf@toc=\write7
 [2]
(C:\Users\Ulrike\EVALUIERUNG\Dokumentation\BillysPayback.lof)
\tf@lof=\write8
 [3


] [4



]
(C:\Users\Ulrike\EVALUIERUNG\Dokumentation\Inhalt/Einleitung/Einleitung.tex
Kapitel 1.

LaTeX Warning: Reference `sec:Prototypische Umsetzung' on page 1 undefined on i
nput line 29.

)pdfTeX warning (ext4): destination with the same identifier (name{page.1}) has
 been already used, duplicate ignored
<to be read again> 
                   \relax 
l.161 	\include{Inhalt/Einleitung/Einleitung}
                                             						% Einleitung einbinden
[1



]pdfTeX warning (ext4): destination with the same identifier (name{page.2}) has
 been already used, duplicate ignored
<to be read again> 
                   \relax 
l.161 	\include{Inhalt/Einleitung/Einleitung}
                                             						% Einleitung einbinden
[2] (C:\Users\Ulrike\EVALUIERUNG\Dokumentation\Inhalt/Grundlagen/Grundlagen.tex
Kapitel 2.
pdfTeX warning (ext4): destination with the same identifier (name{page.3}) has 
been already used, duplicate ignored
<to be read again> 
                   \relax 
l.31 
      [3




]pdfTeX warning (ext4): destination with the same identifier (name{page.4}) has
 been already used, duplicate ignored
<to be read again> 
                   \relax 
l.59 
      [4] [5] [6] [7] [8] [9]) [10]
(C:\Users\Ulrike\EVALUIERUNG\Dokumentation\Inhalt/VerwandteArbeiten/VerwandteAr
beiten.tex
Kapitel 3.
[11




] [12]
Underfull \hbox (badness 10000) in paragraph at lines 63--64

 []

[13] [14] [15]) [16]
(C:\Users\Ulrike\EVALUIERUNG\Dokumentation\Inhalt/Konzept/Konzept.tex
Kapitel 4.

Underfull \hbox (badness 10000) in paragraph at lines 28--29

 []

[17




] [18] [19]
Underfull \hbox (badness 10000) in paragraph at lines 79--80

 []


Underfull \hbox (badness 10000) in paragraph at lines 81--84

 []

[20] [21] [22] [23] [24]
<Grafiken/Weg_mit_vielen_Luecken.png, id=619, 325.215pt x 197.538pt>
File: Grafiken/Weg_mit_vielen_Luecken.png Graphic file (type png)

<use Grafiken/Weg_mit_vielen_Luecken.png>
Package pdftex.def Info: Grafiken/Weg_mit_vielen_Luecken.png used on input line
 187.
(pdftex.def)             Requested size: 204.85846pt x 124.43451pt.

<Grafiken/Kleine_Kirsche.png, id=620, 389.65575pt x 316.18124pt>
File: Grafiken/Kleine_Kirsche.png Graphic file (type png)

<use Grafiken/Kleine_Kirsche.png>
Package pdftex.def Info: Grafiken/Kleine_Kirsche.png used on input line 192.
(pdftex.def)             Requested size: 204.85846pt x 166.23404pt.


LaTeX Warning: `h' float specifier changed to `ht'.

[25] <Grafiken/Abgrund_mit_Diamanten.png, id=632, 450.483pt x 256.5585pt>
File: Grafiken/Abgrund_mit_Diamanten.png Graphic file (type png)

<use Grafiken/Abgrund_mit_Diamanten.png>
Package pdftex.def Info: Grafiken/Abgrund_mit_Diamanten.png used on input line 
215.
(pdftex.def)             Requested size: 204.85846pt x 116.67166pt.

<Grafiken/Matschiger_Weg.png, id=633, 280.04625pt x 186.6975pt>
File: Grafiken/Matschiger_Weg.png Graphic file (type png)

<use Grafiken/Matschiger_Weg.png>
Package pdftex.def Info: Grafiken/Matschiger_Weg.png used on input line 220.
(pdftex.def)             Requested size: 204.85846pt x 136.57861pt.


LaTeX Warning: `h' float specifier changed to `ht'.

[26 <C:/Users/Ulrike/EVALUIERUNG/Dokumentation/Grafiken/Weg_mit_vielen_Luecken.
png> <C:/Users/Ulrike/EVALUIERUNG/Dokumentation/Grafiken/Kleine_Kirsche.png>]
<Grafiken/Beweglicher_Baumstamm_ueber_Abgrund.png, id=645, 554.67226pt x 248.12
7pt>
File: Grafiken/Beweglicher_Baumstamm_ueber_Abgrund.png Graphic file (type png)
 <use Grafiken/Beweglicher_Baumstamm_ueber_Abgrund.png>
Package pdftex.def Info: Grafiken/Beweglicher_Baumstamm_ueber_Abgrund.png used 
on input line 243.
(pdftex.def)             Requested size: 204.85846pt x 91.64273pt.

<Grafiken/Gefaehrliche_Grube.png, id=646, 469.755pt x 291.489pt>
File: Grafiken/Gefaehrliche_Grube.png Graphic file (type png)

<use Grafiken/Gefaehrliche_Grube.png>
Package pdftex.def Info: Grafiken/Gefaehrliche_Grube.png used on input line 248
.
(pdftex.def)             Requested size: 204.85846pt x 127.11693pt.


LaTeX Warning: `h' float specifier changed to `ht'.

[27 <C:/Users/Ulrike/EVALUIERUNG/Dokumentation/Grafiken/Abgrund_mit_Diamanten.p
ng> <C:/Users/Ulrike/EVALUIERUNG/Dokumentation/Grafiken/Matschiger_Weg.png>]
<Grafiken/Unsichtbarer_Weg_Geduldsprobe_Voegel.png, id=659, 322.20375pt x 314.3
745pt>
File: Grafiken/Unsichtbarer_Weg_Geduldsprobe_Voegel.png Graphic file (type png)

 <use Grafiken/Unsichtbarer_Weg_Geduldsprobe_Voegel.png>
Package pdftex.def Info: Grafiken/Unsichtbarer_Weg_Geduldsprobe_Voegel.png used
 on input line 271.
(pdftex.def)             Requested size: 204.85846pt x 199.8894pt.

<Grafiken/U_foermige_Einbuchtung_mit_Kirsche.png, id=660, 451.08525pt x 264.99p
t>
File: Grafiken/U_foermige_Einbuchtung_mit_Kirsche.png Graphic file (type png)
 <use Grafiken/U_foermige_Einbuchtung_mit_Kirsche.png>
Package pdftex.def Info: Grafiken/U_foermige_Einbuchtung_mit_Kirsche.png used o
n input line 276.
(pdftex.def)             Requested size: 204.85846pt x 120.34421pt.


LaTeX Warning: `h' float specifier changed to `ht'.

[28 <C:/Users/Ulrike/EVALUIERUNG/Dokumentation/Grafiken/Beweglicher_Baumstamm_u
eber_Abgrund.png> <C:/Users/Ulrike/EVALUIERUNG/Dokumentation/Grafiken/Gefaehrli
che_Grube.png>] [29 <C:/Users/Ulrike/EVALUIERUNG/Dokumentation/Grafiken/Unsicht
barer_Weg_Geduldsprobe_Voegel.png> <C:/Users/Ulrike/EVALUIERUNG/Dokumentation/G
rafiken/U_foermige_Einbuchtung_mit_Kirsche.png>] [30]
<Grafiken/Untergrund.png, id=692, 467.346pt x 317.988pt>
File: Grafiken/Untergrund.png Graphic file (type png)

<use Grafiken/Untergrund.png>
Package pdftex.def Info: Grafiken/Untergrund.png used on input line 316.
(pdftex.def)             Requested size: 327.13995pt x 222.59007pt.
 [31 <C:/Users/Ulrike/EVALUIERUNG/Dokumentation/Grafiken/Untergrund.png>]
<Grafiken/Bruecken.png, id=702, 720.291pt x 318.59026pt>
File: Grafiken/Bruecken.png Graphic file (type png)

<use Grafiken/Bruecken.png>
Package pdftex.def Info: Grafiken/Bruecken.png used on input line 332.
(pdftex.def)             Requested size: 432.17793pt x 191.15562pt.

<Grafiken/Eingang_Versteck.png, id=704, 554.67226pt x 230.0595pt>
File: Grafiken/Eingang_Versteck.png Graphic file (type png)

<use Grafiken/Eingang_Versteck.png>
Package pdftex.def Info: Grafiken/Eingang_Versteck.png used on input line 345.
(pdftex.def)             Requested size: 250.38564pt x 103.85228pt.

<Grafiken/Schraege_in_Versteck.png, id=705, 469.15276pt x 307.74976pt>
File: Grafiken/Schraege_in_Versteck.png Graphic file (type png)

<use Grafiken/Schraege_in_Versteck.png>
Package pdftex.def Info: Grafiken/Schraege_in_Versteck.png used on input line 3
50.
(pdftex.def)             Requested size: 182.09486pt x 119.44902pt.


LaTeX Warning: `h' float specifier changed to `ht'.

) [32 <C:/Users/Ulrike/EVALUIERUNG/Dokumentation/Grafiken/Bruecken.png>]
[33 <C:/Users/Ulrike/EVALUIERUNG/Dokumentation/Grafiken/Eingang_Versteck.png> <
C:/Users/Ulrike/EVALUIERUNG/Dokumentation/Grafiken/Schraege_in_Versteck.png>]
(C:\Users\Ulrike\EVALUIERUNG\Dokumentation\Inhalt/Planung/Planung.tex [34




]
Kapitel 5.
[35]

LaTeX Warning: Reference `Projektversionierung' on page 36 undefined on input l
ine 50.

) [36] [37]
(C:\Users\Ulrike\EVALUIERUNG\Dokumentation\Inhalt/Evaluierung/Evaluierung.tex
[38




]
Kapitel 6.

Underfull \hbox (badness 10000) in paragraph at lines 18--19

 []

[39] [40] [41] [42]
Underfull \hbox (badness 10000) in paragraph at lines 68--69

 []


Underfull \hbox (badness 10000) in paragraph at lines 76--77

 []

<Grafiken/Diagramm_Wegpunkt1.png, id=784, 326.72063pt x 149.8097pt>
File: Grafiken/Diagramm_Wegpunkt1.png Graphic file (type png)

<use Grafiken/Diagramm_Wegpunkt1.png>
Package pdftex.def Info: Grafiken/Diagramm_Wegpunkt1.png used on input line 85.

(pdftex.def)             Requested size: 189.4981pt x 86.88966pt.

<Grafiken/Diagramm_Wegpunkt2.png, id=785, 398.99063pt x 188.95593pt>
File: Grafiken/Diagramm_Wegpunkt2.png Graphic file (type png)

<use Grafiken/Diagramm_Wegpunkt2.png>
Package pdftex.def Info: Grafiken/Diagramm_Wegpunkt2.png used on input line 90.

(pdftex.def)             Requested size: 239.39622pt x 113.37442pt.


LaTeX Warning: `h' float specifier changed to `ht'.

[43] <Grafiken/Diagramm_AltEnde.png, id=793, 328.22626pt x 134.75343pt>
File: Grafiken/Diagramm_AltEnde.png Graphic file (type png)

<use Grafiken/Diagramm_AltEnde.png>
Package pdftex.def Info: Grafiken/Diagramm_AltEnde.png used on input line 104.
(pdftex.def)             Requested size: 229.7568pt x 94.32675pt.

Underfull \hbox (badness 10000) in paragraph at lines 117--118

 []

[44 <C:/Users/Ulrike/EVALUIERUNG/Dokumentation/Grafiken/Diagramm_Wegpunkt1.png>
 <C:/Users/Ulrike/EVALUIERUNG/Dokumentation/Grafiken/Diagramm_Wegpunkt2.png> <C
:/Users/Ulrike/EVALUIERUNG/Dokumentation/Grafiken/Diagramm_AltEnde.png>]
<Grafiken/Diagramm_Bob.png, id=803, 357.58594pt x 160.34906pt>
File: Grafiken/Diagramm_Bob.png Graphic file (type png)

<use Grafiken/Diagramm_Bob.png>
Package pdftex.def Info: Grafiken/Diagramm_Bob.png used on input line 125.
(pdftex.def)             Requested size: 250.30844pt x 112.24356pt.

Underfull \hbox (badness 10000) in paragraph at lines 130--131

 []


Underfull \hbox (badness 10000) in paragraph at lines 138--139

 []


Underfull \hbox (badness 10000) in paragraph at lines 147--148

 []

[45 <C:/Users/Ulrike/EVALUIERUNG/Dokumentation/Grafiken/Diagramm_Bob.png>]
<Grafiken/Diagramm_Wegwahl.png, id=810, 363.60844pt x 137.01187pt>
File: Grafiken/Diagramm_Wegwahl.png Graphic file (type png)

<use Grafiken/Diagramm_Wegwahl.png>
Package pdftex.def Info: Grafiken/Diagramm_Wegwahl.png used on input line 159.
(pdftex.def)             Requested size: 254.52417pt x 95.90765pt.

Underfull \hbox (badness 10000) in paragraph at lines 170--171

 []

[46 <C:/Users/Ulrike/EVALUIERUNG/Dokumentation/Grafiken/Diagramm_Wegwahl.png>]
Underfull \hbox (badness 10000) in paragraph at lines 178--180

 []

<Grafiken/Diagramm_Hoehle.png, id=818, 374.14781pt x 167.87718pt>
File: Grafiken/Diagramm_Hoehle.png Graphic file (type png)

<use Grafiken/Diagramm_Hoehle.png>
Package pdftex.def Info: Grafiken/Diagramm_Hoehle.png used on input line 192.
(pdftex.def)             Requested size: 261.90167pt x 117.51321pt.

Underfull \hbox (badness 10000) in paragraph at lines 197--199

 []

[47 <C:/Users/Ulrike/EVALUIERUNG/Dokumentation/Grafiken/Diagramm_Hoehle.png>]
<Grafiken/Diagramm_Hut.png, id=828, 303.38344pt x 152.82094pt>
File: Grafiken/Diagramm_Hut.png Graphic file (type png)

<use Grafiken/Diagramm_Hut.png>
Package pdftex.def Info: Grafiken/Diagramm_Hut.png used on input line 210.
(pdftex.def)             Requested size: 212.36694pt x 106.9739pt.

Underfull \hbox (badness 10000) in paragraph at lines 221--222

 []

<Grafiken/Diagramm_Hutquest.png, id=830, 336.50719pt x 183.68625pt>
File: Grafiken/Diagramm_Hutquest.png Graphic file (type png)

<use Grafiken/Diagramm_Hutquest.png>
Package pdftex.def Info: Grafiken/Diagramm_Hutquest.png used on input line 225.

(pdftex.def)             Requested size: 235.5534pt x 128.57947pt.


LaTeX Warning: `h' float specifier changed to `ht'.


Underfull \hbox (badness 10000) in paragraph at lines 236--237

 []

[48 <C:/Users/Ulrike/EVALUIERUNG/Dokumentation/Grafiken/Diagramm_Hut.png>]
<Grafiken/Diagramm_Vogelverfolgung1.png, id=838, 289.83281pt x 142.28156pt>
File: Grafiken/Diagramm_Vogelverfolgung1.png Graphic file (type png)

<use Grafiken/Diagramm_Vogelverfolgung1.png>
Package pdftex.def Info: Grafiken/Diagramm_Vogelverfolgung1.png used on input l
ine 242.
(pdftex.def)             Requested size: 168.10313pt x 82.52335pt.

<Grafiken/Diagramm_Vogelverfolgung2.png, id=839, 448.67625pt x 202.50656pt>
File: Grafiken/Diagramm_Vogelverfolgung2.png Graphic file (type png)

<use Grafiken/Diagramm_Vogelverfolgung2.png>
Package pdftex.def Info: Grafiken/Diagramm_Vogelverfolgung2.png used on input l
ine 247.
(pdftex.def)             Requested size: 269.20782pt x 121.50485pt.

Overfull \hbox (18.82219pt too wide) in paragraph at lines 247--249
 [][] 
 []

[49 <C:/Users/Ulrike/EVALUIERUNG/Dokumentation/Grafiken/Diagramm_Hutquest.png> 
<C:/Users/Ulrike/EVALUIERUNG/Dokumentation/Grafiken/Diagramm_Vogelverfolgung1.p
ng> <C:/Users/Ulrike/EVALUIERUNG/Dokumentation/Grafiken/Diagramm_Vogelverfolgun
g2.png>] <Grafiken/Diagramm_Bruder.png, id=846, 351.56343pt x 158.84344pt>
File: Grafiken/Diagramm_Bruder.png Graphic file (type png)

<use Grafiken/Diagramm_Bruder.png>
Package pdftex.def Info: Grafiken/Diagramm_Bruder.png used on input line 264.
(pdftex.def)             Requested size: 246.09271pt x 111.18964pt.

Underfull \hbox (badness 10000) in paragraph at lines 269--270

 []


Underfull \hbox (badness 10000) in paragraph at lines 278--280

 []

<Grafiken/Diagramm_AngriffAntonio1.png, id=848, 304.88907pt x 143.78719pt>
File: Grafiken/Diagramm_AngriffAntonio1.png Graphic file (type png)

<use Grafiken/Diagramm_AngriffAntonio1.png>
Package pdftex.def Info: Grafiken/Diagramm_AngriffAntonio1.png used on input li
ne 285.
(pdftex.def)             Requested size: 176.83577pt x 83.39662pt.

Overfull \hbox (3.84079pt too wide) in paragraph at lines 285--287
 [][] 
 []

<Grafiken/Diagramm_AngriffAntonio2.png, id=849, 414.04688pt x 182.18062pt>
File: Grafiken/Diagramm_AngriffAntonio2.png Graphic file (type png)

<use Grafiken/Diagramm_AngriffAntonio2.png>
Package pdftex.def Info: Grafiken/Diagramm_AngriffAntonio2.png used on input li
ne 290.
(pdftex.def)             Requested size: 248.43004pt x 109.3092pt.


LaTeX Warning: `h' float specifier changed to `ht'.

[50 <C:/Users/Ulrike/EVALUIERUNG/Dokumentation/Grafiken/Diagramm_Bruder.png>]
[51 <C:/Users/Ulrike/EVALUIERUNG/Dokumentation/Grafiken/Diagramm_AngriffAntonio
1.png> <C:/Users/Ulrike/EVALUIERUNG/Dokumentation/Grafiken/Diagramm_AngriffAnto
nio2.png>]
Underfull \hbox (badness 10000) in paragraph at lines 348--349

 []


LaTeX Warning: `h' float specifier changed to `ht'.

) [52] [53]
(C:\Users\Ulrike\EVALUIERUNG\Dokumentation\Inhalt/Zusammenfassung/Zusammenfassu
ng.tex [54




]
Kapitel 7.

LaTeX Warning: Reference `chap:Prototypische Umsetzung' on page 55 undefined on
 input line 20.

[55]) [56]
LaTeX Font Info:    Try loading font information for T1+cmtt on input line 170.

 ("C:\Program Files (x86)\MiKTeX 2.9\tex\latex\base\t1cmtt.fd"
File: t1cmtt.fd 1999/05/25 v2.5h Standard LaTeX font definitions
)
[57



] (C:\Users\Ulrike\EVALUIERUNG\Dokumentation\Inhalt/Anhang/Anhang.tex
[58



]
Anhang A.
Excluding 'comment' comment.) [59]
Package atveryend Info: Empty hook `BeforeClearDocument' on input line 172.
Package atveryend Info: Empty hook `AfterLastShipout' on input line 172.

(C:\Users\Ulrike\EVALUIERUNG\Dokumentation\BillysPayback.aux
(C:\Users\Ulrike\EVALUIERUNG\Dokumentation\Inhalt/Titel/Deckblatt.aux)
(C:\Users\Ulrike\EVALUIERUNG\Dokumentation\Inhalt/Kurzfassung/Abstrakt.aux)
(C:\Users\Ulrike\EVALUIERUNG\Dokumentation\Inhalt/Einleitung/Einleitung.aux)
(C:\Users\Ulrike\EVALUIERUNG\Dokumentation\Inhalt/Grundlagen/Grundlagen.aux)
(C:\Users\Ulrike\EVALUIERUNG\Dokumentation\Inhalt/VerwandteArbeiten/VerwandteAr
beiten.aux)
(C:\Users\Ulrike\EVALUIERUNG\Dokumentation\Inhalt/Konzept/Konzept.aux)
(C:\Users\Ulrike\EVALUIERUNG\Dokumentation\Inhalt/Planung/Planung.aux)
(C:\Users\Ulrike\EVALUIERUNG\Dokumentation\Inhalt/Evaluierung/Evaluierung.aux)
(C:\Users\Ulrike\EVALUIERUNG\Dokumentation\Inhalt/Zusammenfassung/Zusammenfassu
ng.aux) (C:\Users\Ulrike\EVALUIERUNG\Dokumentation\Inhalt/Anhang/Anhang.aux))
Package atveryend Info: Executing hook `AtVeryEndDocument' on input line 172.
Package atveryend Info: Executing hook `AtEndAfterFileList' on input line 172.
Package rerunfilecheck Info: File `BillysPayback.out' has not changed.
(rerunfilecheck)             Checksum: 837110936792057FDC680D16A3FAC177;4859.


LaTeX Warning: There were undefined references.

Package logreq Info: Writing requests to 'BillysPayback.run.xml'.
 ) 
Here is how much of TeX's memory you used:
 17697 strings out of 493921
 291718 string characters out of 3144872
 812153 words of memory out of 3000000
 20337 multiletter control sequences out of 15000+200000
 18316 words of font info for 42 fonts, out of 3000000 for 9000
 845 hyphenation exceptions out of 8191
 56i,11n,55p,2541b,3407s stack positions out of 5000i,500n,10000p,200000b,50000s
 <C:\Users\Ulrike\AppData\Local\MiKTeX\2.9\fonts\pk\ljfour\jknappen\ec\dpi600
\eccc1200.pk> <C:\Users\Ulrike\AppData\Local\MiKTeX\2.9\fonts\pk\ljfour\jknappe
n\ec\dpi600\ectt1200.pk> <C:\Users\Ulrike\AppData\Local\MiKTeX\2.9\fonts\pk\ljf
our\jknappen\ec\dpi600\tcrm1200.pk> <C:\Users\Ulrike\AppData\Local\MiKTeX\2.9\f
onts\pk\ljfour\jknappen\ec\dpi600\ecsx1440.pk> <C:\Users\Ulrike\AppData\Local\M
iKTeX\2.9\fonts\pk\ljfour\jknappen\ec\dpi600\ecti1200.pk> <C:\Users\Ulrike\AppD
ata\Local\MiKTeX\2.9\fonts\pk\ljfour\jknappen\ec\dpi600\ecbx1200.pk> <C:\Users\
Ulrike\AppData\Local\MiKTeX\2.9\fonts\pk\ljfour\jknappen\ec\dpi600\ecsl1200.pk>
 <C:\Users\Ulrike\AppData\Local\MiKTeX\2.9\fonts\pk\ljfour\jknappen\ec\dpi600\e
csx1200.pk> <C:\Users\Ulrike\AppData\Local\MiKTeX\2.9\fonts\pk\ljfour\jknappen\
ec\dpi600\ecsx2488.pk> <C:\Users\Ulrike\AppData\Local\MiKTeX\2.9\fonts\pk\ljfou
r\jknappen\ec\dpi600\ecrm1200.pk> <C:\Users\Ulrike\AppData\Local\MiKTeX\2.9\fon
ts\pk\ljfour\jknappen\ec\dpi600\ecsx1728.pk> <C:\Users\Ulrike\AppData\Local\MiK
TeX\2.9\fonts\pk\ljfour\jknappen\ec\dpi600\ecrm1728.pk> <C:\Users\Ulrike\AppDat
a\Local\MiKTeX\2.9\fonts\pk\ljfour\jknappen\ec\dpi600\ecbx2488.pk> <C:\Users\Ul
rike\AppData\Local\MiKTeX\2.9\fonts\pk\ljfour\jknappen\ec\dpi600\ecrm2488.pk> <
C:\Users\Ulrike\AppData\Local\MiKTeX\2.9\fonts\pk\ljfour\jknappen\ec\dpi600\ecr
m1440.pk>
Output written on BillysPayback.pdf (67 pages, 1520214 bytes).
PDF statistics:
 1592 PDF objects out of 1728 (max. 8388607)
 245 named destinations out of 1000 (max. 500000)
 691 words of extra memory for PDF output out of 10000 (max. 10000000)

