\BOOKMARK [0][-]{chapter*.4}{Abbildungsverzeichnis}{}% 1
\BOOKMARK [0][-]{chapter*.5}{Tabellenverzeichnis}{}% 2
\BOOKMARK [0][-]{chapter.1}{Einleitung}{}% 3
\BOOKMARK [1][-]{section.1.1}{Zielsetzung}{chapter.1}% 4
\BOOKMARK [1][-]{section.1.2}{\334bersicht \374ber die Arbeit}{chapter.1}% 5
\BOOKMARK [0][-]{chapter.2}{Grundlagen der Manipulation}{}% 6
\BOOKMARK [1][-]{section.2.1}{Erkennbarkeit der Handlungsabsicht}{chapter.2}% 7
\BOOKMARK [2][-]{subsection.2.1.1}{Transparentes Handeln}{section.2.1}% 8
\BOOKMARK [2][-]{subsection.2.1.2}{Intransparentes Handeln}{section.2.1}% 9
\BOOKMARK [1][-]{section.2.2}{Definition der Manipulation}{chapter.2}% 10
\BOOKMARK [1][-]{section.2.3}{Positive Manipulation}{chapter.2}% 11
\BOOKMARK [1][-]{section.2.4}{Negative Manipulation}{chapter.2}% 12
\BOOKMARK [1][-]{section.2.5}{Dosierung von Manipulationen}{chapter.2}% 13
\BOOKMARK [1][-]{section.2.6}{Einfluss pers\366nlicher Faktoren auf den Manipulationserfolg}{chapter.2}% 14
\BOOKMARK [2][-]{subsection.2.6.1}{Anf\344lligkeit reduzierende Faktoren}{section.2.6}% 15
\BOOKMARK [2][-]{subsection.2.6.2}{Anf\344lligkeit verst\344rkende Faktoren}{section.2.6}% 16
\BOOKMARK [1][-]{section.2.7}{Interaktionsspiele}{chapter.2}% 17
\BOOKMARK [2][-]{subsection.2.7.1}{Attraktivit\344tsspiele}{section.2.7}% 18
\BOOKMARK [2][-]{subsection.2.7.2}{Armes-Schwein-Spiele}{section.2.7}% 19
\BOOKMARK [2][-]{subsection.2.7.3}{Opfer-Spiele}{section.2.7}% 20
\BOOKMARK [2][-]{subsection.2.7.4}{Regel-Setzer-Spiele}{section.2.7}% 21
\BOOKMARK [2][-]{subsection.2.7.5}{Bl\366d-Spiele}{section.2.7}% 22
\BOOKMARK [1][-]{section.2.8}{Zusammenfassung}{chapter.2}% 23
\BOOKMARK [0][-]{chapter.3}{Verwandte Arbeiten}{}% 24
\BOOKMARK [1][-]{section.3.1}{Player Manipulation}{chapter.3}% 25
\BOOKMARK [1][-]{section.3.2}{Die Psycho-Tricks der Spiele-Designer: Das Spiel in deinem Kopf}{chapter.3}% 26
\BOOKMARK [1][-]{section.3.3}{The Stanley Parable}{chapter.3}% 27
\BOOKMARK [1][-]{section.3.4}{The Vanishing of Ethan Carter}{chapter.3}% 28
\BOOKMARK [1][-]{section.3.5}{Fable}{chapter.3}% 29
\BOOKMARK [1][-]{section.3.6}{Die Versuchung}{chapter.3}% 30
\BOOKMARK [1][-]{section.3.7}{Zusammenfassung}{chapter.3}% 31
\BOOKMARK [0][-]{chapter.4}{Konzeptionierung}{}% 32
\BOOKMARK [1][-]{section.4.1}{Manipulationen}{chapter.4}% 33
\BOOKMARK [2][-]{subsection.4.1.1}{Anforderungen}{section.4.1}% 34
\BOOKMARK [2][-]{subsection.4.1.2}{Einschr\344nkungen}{section.4.1}% 35
\BOOKMARK [2][-]{subsection.4.1.3}{Ergebnisse}{section.4.1}% 36
\BOOKMARK [1][-]{section.4.2}{Spielereigenschaften}{chapter.4}% 37
\BOOKMARK [1][-]{section.4.3}{Level-Design}{chapter.4}% 38
\BOOKMARK [1][-]{section.4.4}{Zusammenfassung}{chapter.4}% 39
\BOOKMARK [0][-]{chapter.5}{Prototypische Umsetzung}{}% 40
\BOOKMARK [0][-]{chapter.6}{Evaluierung}{}% 41
\BOOKMARK [1][-]{section.6.1}{Auswertung Eigenschaftenanalyse}{chapter.6}% 42
\BOOKMARK [2][-]{subsection.6.1.1}{Fehlerquellen in der Umsetzung}{section.6.1}% 43
\BOOKMARK [2][-]{subsection.6.1.2}{Verbesserungsm\366glichkeiten}{section.6.1}% 44
\BOOKMARK [2][-]{subsection.6.1.3}{Folgen}{section.6.1}% 45
\BOOKMARK [1][-]{section.6.2}{Auswertung Interview}{chapter.6}% 46
\BOOKMARK [1][-]{section.6.3}{Auswertung der Erfolgskriterien und der allgemeinen Fragen}{chapter.6}% 47
\BOOKMARK [0][-]{chapter.7}{Zusammenfassung und Ausblick}{}% 48
\BOOKMARK [0][-]{chapter*.45}{Literaturverzeichnis}{}% 49
